<?xml version="1.0" encoding="UTF-8"?>
<testsuite name="com.fulton_shaw.idea.plugin.x1.action.util.StringCaseUtilsTest" tests="1" skipped="0" failures="0" errors="0" timestamp="2019-04-20T10:01:17" hostname="FultonPC" time="0.056">
  <properties/>
  <testcase name="testCaseConvert" classname="com.fulton_shaw.idea.plugin.x1.action.util.StringCaseUtilsTest" time="0.056"/>
  <system-out><![CDATA[]]></system-out>
  <system-err><![CDATA[]]></system-err>
</testsuite>
